16:13:42 [INFO] VOD 12702452 메타데이터 조회 중...
16:13:42 [INFO] 채팅 수집 중 (30분 제한)...
16:13:42 [INFO] 채팅 수집 시작: VOD 12702452 (제한 시간: 1800초)
16:13:52 [INFO]   채팅 수집 중: 페이지 10, 누적 2,000개, 위치 00:27:11
16:13:54 [INFO] 채팅 수집 완료 (시간 제한 도달: 1843s ≥ 1800s): 총 2,400개
16:13:54 [INFO]   채팅 시간 필터: 2400개 → 2285개 (≤ 1800s)
16:13:54 [INFO]   채팅 2,285개
16:13:54 [INFO] 채팅 분석 시작...
16:13:54 [INFO]   시계열 변환 완료: 178개 버킷
16:13:54 [INFO]   Z-score 피크 탐지: 10개
16:13:54 [INFO]   최종 하이라이트: 10개 (상위 10개 사용)
16:13:54 [INFO]   하이라이트 10개
16:13:54 [INFO] ============================================================
16:13:54 [INFO] 실험: baseline_150k (max_chars=150000, overlap=45s)
16:13:54 [INFO] ============================================================
16:13:54 [INFO] SRT 청크 분할: C:\github\auto-caption-generator\work\12702452\12702452_7시 인생게임 (w. 지누,뿡,똘복) 인생에 프로란 없다. 모두 아마추어다. ٩(●'▿'●)۶_144p_clip1800s.srt (max_chars=150000, overlap=45s)
16:13:54 [INFO]   1개 청크 생성 (총 211개 자막)
16:13:54 [INFO]   청크: 1개, 총 8,446자
16:13:54 [INFO]   청크 1/1 분석 중 (00:00:17~00:30:21, 8,446자)...
16:15:32 [INFO]   청크 1 분석 완료 (3,815자)
16:15:32 [INFO] 최종 통합 요약 생성 중...
16:16:48 [INFO] 최종 리포트 생성 완료 (4,366자)
16:16:48 [INFO]   ✓ 완료: 174.6s | 타임라인 10개 (0.33/분)
16:16:48 [INFO] ============================================================
16:16:48 [INFO] 실험: chunk_15k (max_chars=15000, overlap=30s)
16:16:48 [INFO] ============================================================
16:16:48 [INFO] SRT 청크 분할: C:\github\auto-caption-generator\work\12702452\12702452_7시 인생게임 (w. 지누,뿡,똘복) 인생에 프로란 없다. 모두 아마추어다. ٩(●'▿'●)۶_144p_clip1800s.srt (max_chars=15000, overlap=30s)
16:16:48 [INFO]   1개 청크 생성 (총 211개 자막)
16:16:48 [INFO]   청크: 1개, 총 8,446자
16:16:48 [INFO]   청크 1/1 분석 중 (00:00:17~00:30:21, 8,446자)...
16:18:00 [INFO]   청크 1 분석 완료 (3,284자)
16:18:00 [INFO] 최종 통합 요약 생성 중...
16:19:21 [INFO] 최종 리포트 생성 완료 (4,063자)
16:19:21 [INFO]   ✓ 완료: 152.5s | 타임라인 14개 (0.47/분)
16:19:21 [INFO] ============================================================
16:19:21 [INFO] 실험: chunk_8k (max_chars=8000, overlap=30s)
16:19:21 [INFO] ============================================================
16:19:21 [INFO] SRT 청크 분할: C:\github\auto-caption-generator\work\12702452\12702452_7시 인생게임 (w. 지누,뿡,똘복) 인생에 프로란 없다. 모두 아마추어다. ٩(●'▿'●)۶_144p_clip1800s.srt (max_chars=8000, overlap=30s)
16:19:21 [INFO]   2개 청크 생성 (총 211개 자막)
16:19:21 [INFO]   청크: 2개, 총 8,619자
16:19:21 [INFO]   청크 1/2 분석 중 (00:00:17~00:20:36, 4,922자)...
16:20:01 [INFO]   청크 1 분석 완료 (1,883자)
16:20:01 [INFO]   청크 2/2 분석 중 (00:20:12~00:30:21, 3,697자)...
16:20:56 [INFO]   청크 2 분석 완료 (2,067자)
16:20:56 [INFO] 최종 통합 요약 생성 중...
16:23:00 [INFO] 최종 리포트 생성 완료 (3,908자)
16:23:00 [INFO]   ✓ 완료: 219.0s | 타임라인 13개 (0.43/분)
16:23:00 [INFO] ============================================================
16:23:00 [INFO] 실험: chunk_5k (max_chars=5000, overlap=20s)
16:23:00 [INFO] ============================================================
16:23:00 [INFO] SRT 청크 분할: C:\github\auto-caption-generator\work\12702452\12702452_7시 인생게임 (w. 지누,뿡,똘복) 인생에 프로란 없다. 모두 아마추어다. ٩(●'▿'●)۶_144p_clip1800s.srt (max_chars=5000, overlap=20s)
16:23:00 [INFO]   3개 청크 생성 (총 211개 자막)
16:23:00 [INFO]   청크: 3개, 총 8,593자
16:23:00 [INFO]   청크 1/3 분석 중 (00:00:17~00:13:14, 3,088자)...
16:23:31 [INFO]   청크 1 분석 완료 (1,688자)
16:23:31 [INFO]   청크 2/3 분석 중 (00:12:56~00:24:29, 3,032자)...
16:24:23 [INFO]   청크 2 분석 완료 (1,735자)
16:24:23 [INFO]   청크 3/3 분석 중 (00:24:13~00:30:21, 2,473자)...
16:24:49 [INFO]   청크 3 분석 완료 (1,256자)
16:24:49 [INFO] 최종 통합 요약 생성 중...
16:27:06 [INFO] 최종 리포트 생성 완료 (4,976자)
16:27:06 [INFO]   ✓ 완료: 245.7s | 타임라인 20개 (0.67/분)
16:27:06 [INFO] 
실험 완료. 비교 리포트: C:\github\auto-caption-generator\experiments\results\summary.md
16:27:06 [INFO]   [baseline_150k       ] 청크 1개 → 타임라인 10개 (0.33/분) / 174.6s
16:27:06 [INFO]   [chunk_15k           ] 청크 1개 → 타임라인 14개 (0.47/분) / 152.5s
16:27:06 [INFO]   [chunk_8k            ] 청크 2개 → 타임라인 13개 (0.43/분) / 219.0s
16:27:06 [INFO]   [chunk_5k            ] 청크 3개 → 타임라인 20개 (0.67/분) / 245.7s
